# JRE version: Java(TM) SE Runtime Environment (8.0_60-b27) (build 1.8.0_60-b27)
# Java VM: Java HotSpot(TM) 64-Bit Server VM (25.60-b23 mixed mode windows-amd64 compressed oops)
Heap:
 PSYoungGen      total 230400K, used 230005K [0x00000000eab00000, 0x0000000100000000, 0x0000000100000000)
  eden space 118784K, 100% used [0x00000000eab00000,0x00000000f1f00000,0x00000000f1f00000)
  from space 111616K, 99% used [0x00000000f1f00000,0x00000000f8b9d590,0x00000000f8c00000)
  to   space 116224K, 51% used [0x00000000f8e80000,0x00000000fc8897c0,0x0000000100000000)
 ParOldGen       total 316928K, used 270800K [0x00000000c0000000, 0x00000000d3580000, 0x00000000eab00000)
  object space 316928K, 85% used [0x00000000c0000000,0x00000000d08742d8,0x00000000d3580000)
 Metaspace       used 6211K, capacity 7216K, committed 7296K, reserved 1056768K
  class space    used 589K, capacity 616K, committed 640K, reserved 1048576K
GC Heap History (10 events):
Event: 17.070 GC heap after
Heap after GC invocations=11 (full 1):
 PSYoungGen      total 236032K, used 60635K [0x00000000eab00000, 0x0000000100000000, 0x0000000100000000)
  eden space 172032K, 0% used [0x00000000eab00000,0x00000000eab00000,0x00000000f5300000)
  from space 64000K, 94% used [0x00000000fc180000,0x00000000ffcb6f00,0x0000000100000000)
  to   space 88576K, 0% used [0x00000000f5300000,0x00000000f5300000,0x00000000fa980000)
 ParOldGen       total 177152K, used 153849K [0x00000000c0000000, 0x00000000cad00000, 0x00000000eab00000)
  object space 177152K, 86% used [0x00000000c0000000,0x00000000c963e510,0x00000000cad00000)
 Metaspace       used 6195K, capacity 7216K, committed 7296K, reserved 1056768K
  class space    used 586K, capacity 616K, committed 640K, reserved 1048576K
}
Event: 17.070 GC heap before
{Heap before GC invocations=12 (full 2):
 PSYoungGen      total 236032K, used 60635K [0x00000000eab00000, 0x0000000100000000, 0x0000000100000000)
  eden space 172032K, 0% used [0x00000000eab00000,0x00000000eab00000,0x00000000f5300000)
  from space 64000K, 94% used [0x00000000fc180000,0x00000000ffcb6f00,0x0000000100000000)
  to   space 88576K, 0% used [0x00000000f5300000,0x00000000f5300000,0x00000000fa980000)
 ParOldGen       total 177152K, used 153849K [0x00000000c0000000, 0x00000000cad00000, 0x00000000eab00000)
  object space 177152K, 86% used [0x00000000c0000000,0x00000000c963e510,0x00000000cad00000)
 Metaspace       used 6195K, capacity 7216K, committed 7296K, reserved 1056768K
  class space    used 586K, capacity 616K, committed 640K, reserved 1048576K
Event: 18.539 GC heap after
Heap after GC invocations=12 (full 2):
 PSYoungGen      total 236032K, used 30129K [0x00000000eab00000, 0x0000000100000000, 0x0000000100000000)
  eden space 172032K, 0% used [0x00000000eab00000,0x00000000eab00000,0x00000000f5300000)
  from space 64000K, 47% used [0x00000000fc180000,0x00000000fdeec4a0,0x0000000100000000)
  to   space 88576K, 0% used [0x00000000f5300000,0x00000000f5300000,0x00000000fa980000)
 ParOldGen       total 316928K, used 176702K [0x00000000c0000000, 0x00000000d3580000, 0x00000000eab00000)
  object space 316928K, 55% used [0x00000000c0000000,0x00000000cac8f9e8,0x00000000d3580000)
 Metaspace       used 6195K, capacity 7216K, committed 7296K, reserved 1056768K
  class space    used 586K, capacity 616K, committed 640K, reserved 1048576K
}
Event: 20.217 GC heap before
{Heap before GC invocations=13 (full 2):
 PSYoungGen      total 236032K, used 202161K [0x00000000eab00000, 0x0000000100000000, 0x0000000100000000)
  eden space 172032K, 100% used [0x00000000eab00000,0x00000000f5300000,0x00000000f5300000)
  from space 64000K, 47% used [0x00000000fc180000,0x00000000fdeec4a0,0x0000000100000000)
  to   space 88576K, 0% used [0x00000000f5300000,0x00000000f5300000,0x00000000fa980000)
 ParOldGen       total 316928K, used 176702K [0x00000000c0000000, 0x00000000d3580000, 0x00000000eab00000)
  object space 316928K, 55% used [0x00000000c0000000,0x00000000cac8f9e8,0x00000000d3580000)
 Metaspace       used 6201K, capacity 7216K, committed 7296K, reserved 1056768K
  class space    used 588K, capacity 616K, committed 640K, reserved 1048576K
Event: 20.338 GC heap after
Heap after GC invocations=13 (full 2):
 PSYoungGen      total 253952K, used 81793K [0x00000000eab00000, 0x0000000100000000, 0x0000000100000000)
  eden space 172032K, 0% used [0x00000000eab00000,0x00000000eab00000,0x00000000f5300000)
  from space 81920K, 99% used [0x00000000f5300000,0x00000000fa2e0630,0x00000000fa300000)
  to   space 95232K, 0% used [0x00000000fa300000,0x00000000fa300000,0x0000000100000000)
 ParOldGen       total 316928K, used 176702K [0x00000000c0000000, 0x00000000d3580000, 0x00000000eab00000)
  object space 316928K, 55% used [0x00000000c0000000,0x00000000cac8f9e8,0x00000000d3580000)
 Metaspace       used 6201K, capacity 7216K, committed 7296K, reserved 1056768K
  class space    used 588K, capacity 616K, committed 640K, reserved 1048576K
}
Event: 21.619 GC heap before
{Heap before GC invocations=14 (full 2):
 PSYoungGen      total 253952K, used 253825K [0x00000000eab00000, 0x0000000100000000, 0x0000000100000000)
  eden space 172032K, 100% used [0x00000000eab00000,0x00000000f5300000,0x00000000f5300000)
  from space 81920K, 99% used [0x00000000f5300000,0x00000000fa2e0630,0x00000000fa300000)
  to   space 95232K, 0% used [0x00000000fa300000,0x00000000fa300000,0x0000000100000000)
 ParOldGen       total 316928K, used 176702K [0x00000000c0000000, 0x00000000d3580000, 0x00000000eab00000)
  object space 316928K, 55% used [0x00000000c0000000,0x00000000cac8f9e8,0x00000000d3580000)
 Metaspace       used 6210K, capacity 7216K, committed 7296K, reserved 1056768K
  class space    used 589K, capacity 616K, committed 640K, reserved 1048576K
Event: 21.724 GC heap after
Heap after GC invocations=14 (full 2):
 PSYoungGen      total 214016K, used 95229K [0x00000000eab00000, 0x0000000100000000, 0x0000000100000000)
  eden space 118784K, 0% used [0x00000000eab00000,0x00000000eab00000,0x00000000f1f00000)
  from space 95232K, 99% used [0x00000000fa300000,0x00000000fffff6b8,0x0000000100000000)
  to   space 115200K, 0% used [0x00000000f1f00000,0x00000000f1f00000,0x00000000f8f80000)
 ParOldGen       total 316928K, used 178749K [0x00000000c0000000, 0x00000000d3580000, 0x00000000eab00000)
  object space 316928K, 56% used [0x00000000c0000000,0x00000000cae8f460,0x00000000d3580000)
 Metaspace       used 6210K, capacity 7216K, committed 7296K, reserved 1056768K
  class space    used 589K, capacity 616K, committed 640K, reserved 1048576K
}
Event: 22.521 GC heap before
{Heap before GC invocations=15 (full 2):
 PSYoungGen      total 214016K, used 214013K [0x00000000eab00000, 0x0000000100000000, 0x0000000100000000)
  eden space 118784K, 100% used [0x00000000eab00000,0x00000000f1f00000,0x00000000f1f00000)
  from space 95232K, 99% used [0x00000000fa300000,0x00000000fffff6b8,0x0000000100000000)
  to   space 115200K, 0% used [0x00000000f1f00000,0x00000000f1f00000,0x00000000f8f80000)
 ParOldGen       total 316928K, used 178749K [0x00000000c0000000, 0x00000000d3580000, 0x00000000eab00000)
  object space 316928K, 56% used [0x00000000c0000000,0x00000000cae8f460,0x00000000d3580000)
 Metaspace       used 6210K, capacity 7216K, committed 7296K, reserved 1056768K
  class space    used 589K, capacity 616K, committed 640K, reserved 1048576K
Event: 22.657 GC heap after
Heap after GC invocations=15 (full 2):
 PSYoungGen      total 230400K, used 111221K [0x00000000eab00000, 0x0000000100000000, 0x0000000100000000)
  eden space 118784K, 0% used [0x00000000eab00000,0x00000000eab00000,0x00000000f1f00000)
  from space 111616K, 99% used [0x00000000f1f00000,0x00000000f8b9d590,0x00000000f8c00000)
  to   space 116224K, 0% used [0x00000000f8e80000,0x00000000f8e80000,0x0000000100000000)
 ParOldGen       total 316928K, used 207912K [0x00000000c0000000, 0x00000000d3580000, 0x00000000eab00000)
  object space 316928K, 65% used [0x00000000c0000000,0x00000000ccb0a2a8,0x00000000d3580000)
 Metaspace       used 6210K, capacity 7216K, committed 7296K, reserved 1056768K
  class space    used 589K, capacity 616K, committed 640K, reserved 1048576K
}
Event: 23.765 GC heap before
{Heap before GC invocations=16 (full 2):
 PSYoungGen      total 230400K, used 230005K [0x00000000eab00000, 0x0000000100000000, 0x0000000100000000)
  eden space 118784K, 100% used [0x00000000eab00000,0x00000000f1f00000,0x00000000f1f00000)
  from space 111616K, 99% used [0x00000000f1f00000,0x00000000f8b9d590,0x00000000f8c00000)
  to   space 116224K, 0% used [0x00000000f8e80000,0x00000000f8e80000,0x0000000100000000)
 ParOldGen       total 316928K, used 207912K [0x00000000c0000000, 0x00000000d3580000, 0x00000000eab00000)
  object space 316928K, 65% used [0x00000000c0000000,0x00000000ccb0a2a8,0x00000000d3580000)
 Metaspace       used 6211K, capacity 7216K, committed 7296K, reserved 1056768K
  class space    used 589K, capacity 616K, committed 640K, reserved 1048576K

