# JRE version: Java(TM) SE Runtime Environment (8.0_60-b27) (build 1.8.0_60-b27)
# Java VM: Java HotSpot(TM) 64-Bit Server VM (25.60-b23 mixed mode windows-amd64 compressed oops)
Heap:
 PSYoungGen      total 241664K, used 199662K [0x00000000eab00000, 0x00000000ffe00000, 0x0000000100000000)
  eden space 145920K, 100% used [0x00000000eab00000,0x00000000f3980000,0x00000000f3980000)
  from space 95744K, 56% used [0x00000000f3980000,0x00000000f6dfb970,0x00000000f9700000)
  to   space 95744K, 69% used [0x00000000fa080000,0x00000000fe14a160,0x00000000ffe00000)
 ParOldGen       total 472064K, used 258321K [0x00000000c0000000, 0x00000000dcd00000, 0x00000000eab00000)
  object space 472064K, 54% used [0x00000000c0000000,0x00000000cfc447b0,0x00000000dcd00000)
 Metaspace       used 6215K, capacity 7216K, committed 7296K, reserved 1056768K
  class space    used 589K, capacity 616K, committed 640K, reserved 1048576K
GC Heap History (10 events):
Event: 23.915 GC heap after
Heap after GC invocations=16 (full 2):
 PSYoungGen      total 210432K, used 67042K [0x00000000eab00000, 0x0000000100000000, 0x0000000100000000)
  eden space 143360K, 0% used [0x00000000eab00000,0x00000000eab00000,0x00000000f3700000)
  from space 67072K, 99% used [0x00000000fbe80000,0x00000000ffff8980,0x0000000100000000)
  to   space 102912K, 0% used [0x00000000f3700000,0x00000000f3700000,0x00000000f9b80000)
 ParOldGen       total 308224K, used 215239K [0x00000000c0000000, 0x00000000d2d00000, 0x00000000eab00000)
  object space 308224K, 69% used [0x00000000c0000000,0x00000000cd231f30,0x00000000d2d00000)
 Metaspace       used 6213K, capacity 7216K, committed 7296K, reserved 1056768K
  class space    used 589K, capacity 616K, committed 640K, reserved 1048576K
}
Event: 24.952 GC heap before
{Heap before GC invocations=17 (full 2):
 PSYoungGen      total 210432K, used 210402K [0x00000000eab00000, 0x0000000100000000, 0x0000000100000000)
  eden space 143360K, 100% used [0x00000000eab00000,0x00000000f3700000,0x00000000f3700000)
  from space 67072K, 99% used [0x00000000fbe80000,0x00000000ffff8980,0x0000000100000000)
  to   space 102912K, 0% used [0x00000000f3700000,0x00000000f3700000,0x00000000f9b80000)
 ParOldGen       total 308224K, used 215239K [0x00000000c0000000, 0x00000000d2d00000, 0x00000000eab00000)
  object space 308224K, 69% used [0x00000000c0000000,0x00000000cd231f30,0x00000000d2d00000)
 Metaspace       used 6215K, capacity 7216K, committed 7296K, reserved 1056768K
  class space    used 589K, capacity 616K, committed 640K, reserved 1048576K
Event: 25.031 GC heap after
Heap after GC invocations=17 (full 2):
 PSYoungGen      total 246272K, used 19485K [0x00000000eab00000, 0x0000000100000000, 0x0000000100000000)
  eden space 143360K, 0% used [0x00000000eab00000,0x00000000eab00000,0x00000000f3700000)
  from space 102912K, 18% used [0x00000000f3700000,0x00000000f4a07678,0x00000000f9b80000)
  to   space 100352K, 0% used [0x00000000f9e00000,0x00000000f9e00000,0x0000000100000000)
 ParOldGen       total 308224K, used 280076K [0x00000000c0000000, 0x00000000d2d00000, 0x00000000eab00000)
  object space 308224K, 90% used [0x00000000c0000000,0x00000000d1183328,0x00000000d2d00000)
 Metaspace       used 6215K, capacity 7216K, committed 7296K, reserved 1056768K
  class space    used 589K, capacity 616K, committed 640K, reserved 1048576K
}
Event: 25.031 GC heap before
{Heap before GC invocations=18 (full 3):
 PSYoungGen      total 246272K, used 19485K [0x00000000eab00000, 0x0000000100000000, 0x0000000100000000)
  eden space 143360K, 0% used [0x00000000eab00000,0x00000000eab00000,0x00000000f3700000)
  from space 102912K, 18% used [0x00000000f3700000,0x00000000f4a07678,0x00000000f9b80000)
  to   space 100352K, 0% used [0x00000000f9e00000,0x00000000f9e00000,0x0000000100000000)
 ParOldGen       total 308224K, used 280076K [0x00000000c0000000, 0x00000000d2d00000, 0x00000000eab00000)
  object space 308224K, 90% used [0x00000000c0000000,0x00000000d1183328,0x00000000d2d00000)
 Metaspace       used 6215K, capacity 7216K, committed 7296K, reserved 1056768K
  class space    used 589K, capacity 616K, committed 640K, reserved 1048576K
Event: 28.522 GC heap after
Heap after GC invocations=18 (full 3):
 PSYoungGen      total 246272K, used 0K [0x00000000eab00000, 0x0000000100000000, 0x0000000100000000)
  eden space 143360K, 0% used [0x00000000eab00000,0x00000000eab00000,0x00000000f3700000)
  from space 102912K, 0% used [0x00000000f3700000,0x00000000f3700000,0x00000000f9b80000)
  to   space 100352K, 0% used [0x00000000f9e00000,0x00000000f9e00000,0x0000000100000000)
 ParOldGen       total 472064K, used 258321K [0x00000000c0000000, 0x00000000dcd00000, 0x00000000eab00000)
  object space 472064K, 54% used [0x00000000c0000000,0x00000000cfc447b0,0x00000000dcd00000)
 Metaspace       used 6215K, capacity 7216K, committed 7296K, reserved 1056768K
  class space    used 589K, capacity 616K, committed 640K, reserved 1048576K
}
Event: 29.657 GC heap before
{Heap before GC invocations=19 (full 3):
 PSYoungGen      total 246272K, used 143360K [0x00000000eab00000, 0x0000000100000000, 0x0000000100000000)
  eden space 143360K, 100% used [0x00000000eab00000,0x00000000f3700000,0x00000000f3700000)
  from space 102912K, 0% used [0x00000000f3700000,0x00000000f3700000,0x00000000f9b80000)
  to   space 100352K, 0% used [0x00000000f9e00000,0x00000000f9e00000,0x0000000100000000)
 ParOldGen       total 472064K, used 258321K [0x00000000c0000000, 0x00000000dcd00000, 0x00000000eab00000)
  object space 472064K, 54% used [0x00000000c0000000,0x00000000cfc447b0,0x00000000dcd00000)
 Metaspace       used 6215K, capacity 7216K, committed 7296K, reserved 1056768K
  class space    used 589K, capacity 616K, committed 640K, reserved 1048576K
Event: 29.678 GC heap after
Heap after GC invocations=19 (full 3):
 PSYoungGen      total 234496K, used 31491K [0x00000000eab00000, 0x00000000ff480000, 0x0000000100000000)
  eden space 145920K, 0% used [0x00000000eab00000,0x00000000eab00000,0x00000000f3980000)
  from space 88576K, 35% used [0x00000000f9e00000,0x00000000fbcc0f80,0x00000000ff480000)
  to   space 95744K, 0% used [0x00000000f3980000,0x00000000f3980000,0x00000000f9700000)
 ParOldGen       total 472064K, used 258321K [0x00000000c0000000, 0x00000000dcd00000, 0x00000000eab00000)
  object space 472064K, 54% used [0x00000000c0000000,0x00000000cfc447b0,0x00000000dcd00000)
 Metaspace       used 6215K, capacity 7216K, committed 7296K, reserved 1056768K
  class space    used 589K, capacity 616K, committed 640K, reserved 1048576K
}
Event: 30.454 GC heap before
{Heap before GC invocations=20 (full 3):
 PSYoungGen      total 234496K, used 177411K [0x00000000eab00000, 0x00000000ff480000, 0x0000000100000000)
  eden space 145920K, 100% used [0x00000000eab00000,0x00000000f3980000,0x00000000f3980000)
  from space 88576K, 35% used [0x00000000f9e00000,0x00000000fbcc0f80,0x00000000ff480000)
  to   space 95744K, 0% used [0x00000000f3980000,0x00000000f3980000,0x00000000f9700000)
 ParOldGen       total 472064K, used 258321K [0x00000000c0000000, 0x00000000dcd00000, 0x00000000eab00000)
  object space 472064K, 54% used [0x00000000c0000000,0x00000000cfc447b0,0x00000000dcd00000)
 Metaspace       used 6215K, capacity 7216K, committed 7296K, reserved 1056768K
  class space    used 589K, capacity 616K, committed 640K, reserved 1048576K
Event: 30.490 GC heap after
Heap after GC invocations=20 (full 3):
 PSYoungGen      total 241664K, used 53742K [0x00000000eab00000, 0x00000000ffe00000, 0x0000000100000000)
  eden space 145920K, 0% used [0x00000000eab00000,0x00000000eab00000,0x00000000f3980000)
  from space 95744K, 56% used [0x00000000f3980000,0x00000000f6dfb970,0x00000000f9700000)
  to   space 95744K, 0% used [0x00000000fa080000,0x00000000fa080000,0x00000000ffe00000)
 ParOldGen       total 472064K, used 258321K [0x00000000c0000000, 0x00000000dcd00000, 0x00000000eab00000)
  object space 472064K, 54% used [0x00000000c0000000,0x00000000cfc447b0,0x00000000dcd00000)
 Metaspace       used 6215K, capacity 7216K, committed 7296K, reserved 1056768K
  class space    used 589K, capacity 616K, committed 640K, reserved 1048576K
}
Event: 31.312 GC heap before
{Heap before GC invocations=21 (full 3):
 PSYoungGen      total 241664K, used 199662K [0x00000000eab00000, 0x00000000ffe00000, 0x0000000100000000)
  eden space 145920K, 100% used [0x00000000eab00000,0x00000000f3980000,0x00000000f3980000)
  from space 95744K, 56% used [0x00000000f3980000,0x00000000f6dfb970,0x00000000f9700000)
  to   space 95744K, 0% used [0x00000000fa080000,0x00000000fa080000,0x00000000ffe00000)
 ParOldGen       total 472064K, used 258321K [0x00000000c0000000, 0x00000000dcd00000, 0x00000000eab00000)
  object space 472064K, 54% used [0x00000000c0000000,0x00000000cfc447b0,0x00000000dcd00000)
 Metaspace       used 6215K, capacity 7216K, committed 7296K, reserved 1056768K
  class space    used 589K, capacity 616K, committed 640K, reserved 1048576K

