# JRE version: Java(TM) SE Runtime Environment (8.0_60-b27) (build 1.8.0_60-b27)
# Java VM: Java HotSpot(TM) 64-Bit Server VM (25.60-b23 mixed mode windows-amd64 compressed oops)
Heap:
 PSYoungGen      total 233472K, used 61242K [0x00000000eab00000, 0x0000000100000000, 0x0000000100000000)
  eden space 167936K, 0% used [0x00000000eab00000,0x00000000eab00000,0x00000000f4f00000)
  from space 65536K, 93% used [0x00000000fc000000,0x00000000ffbce9c8,0x0000000100000000)
  to   space 90624K, 0% used [0x00000000f4f00000,0x00000000f4f00000,0x00000000fa780000)
 ParOldGen       total 177664K, used 156570K [0x00000000c0000000, 0x00000000cad80000, 0x00000000eab00000)
  object space 177664K, 88% used [0x00000000c0000000,0x00000000c98e6960,0x00000000cad80000)
 Metaspace       used 6194K, capacity 7216K, committed 7296K, reserved 1056768K
  class space    used 587K, capacity 616K, committed 640K, reserved 1048576K
GC Heap History (10 events):
Event: 11.411 GC heap after
Heap after GC invocations=7 (full 0):
 PSYoungGen      total 291328K, used 30192K [0x00000000eab00000, 0x0000000100000000, 0x0000000100000000)
  eden space 261120K, 0% used [0x00000000eab00000,0x00000000eab00000,0x00000000faa00000)
  from space 30208K, 99% used [0x00000000faa00000,0x00000000fc77c2f8,0x00000000fc780000)
  to   space 52224K, 0% used [0x00000000fcd00000,0x00000000fcd00000,0x0000000100000000)
 ParOldGen       total 87552K, used 80891K [0x00000000c0000000, 0x00000000c5580000, 0x00000000eab00000)
  object space 87552K, 92% used [0x00000000c0000000,0x00000000c4efec30,0x00000000c5580000)
 Metaspace       used 6151K, capacity 7152K, committed 7296K, reserved 1056768K
  class space    used 586K, capacity 616K, committed 640K, reserved 1048576K
}
Event: 11.411 GC heap before
{Heap before GC invocations=8 (full 1):
 PSYoungGen      total 291328K, used 30192K [0x00000000eab00000, 0x0000000100000000, 0x0000000100000000)
  eden space 261120K, 0% used [0x00000000eab00000,0x00000000eab00000,0x00000000faa00000)
  from space 30208K, 99% used [0x00000000faa00000,0x00000000fc77c2f8,0x00000000fc780000)
  to   space 52224K, 0% used [0x00000000fcd00000,0x00000000fcd00000,0x0000000100000000)
 ParOldGen       total 87552K, used 80891K [0x00000000c0000000, 0x00000000c5580000, 0x00000000eab00000)
  object space 87552K, 92% used [0x00000000c0000000,0x00000000c4efec30,0x00000000c5580000)
 Metaspace       used 6151K, capacity 7152K, committed 7296K, reserved 1056768K
  class space    used 586K, capacity 616K, committed 640K, reserved 1048576K
Event: 12.810 GC heap after
Heap after GC invocations=8 (full 1):
 PSYoungGen      total 291328K, used 18338K [0x00000000eab00000, 0x0000000100000000, 0x0000000100000000)
  eden space 261120K, 0% used [0x00000000eab00000,0x00000000eab00000,0x00000000faa00000)
  from space 30208K, 60% used [0x00000000faa00000,0x00000000fbbe8968,0x00000000fc780000)
  to   space 52224K, 0% used [0x00000000fcd00000,0x00000000fcd00000,0x0000000100000000)
 ParOldGen       total 177664K, used 87507K [0x00000000c0000000, 0x00000000cad80000, 0x00000000eab00000)
  object space 177664K, 49% used [0x00000000c0000000,0x00000000c5574c80,0x00000000cad80000)
 Metaspace       used 6151K, capacity 7152K, committed 7296K, reserved 1056768K
  class space    used 586K, capacity 616K, committed 640K, reserved 1048576K
}
Event: 15.319 GC heap before
{Heap before GC invocations=9 (full 1):
 PSYoungGen      total 291328K, used 279458K [0x00000000eab00000, 0x0000000100000000, 0x0000000100000000)
  eden space 261120K, 100% used [0x00000000eab00000,0x00000000faa00000,0x00000000faa00000)
  from space 30208K, 60% used [0x00000000faa00000,0x00000000fbbe8968,0x00000000fc780000)
  to   space 52224K, 0% used [0x00000000fcd00000,0x00000000fcd00000,0x0000000100000000)
 ParOldGen       total 177664K, used 87507K [0x00000000c0000000, 0x00000000cad80000, 0x00000000eab00000)
  object space 177664K, 49% used [0x00000000c0000000,0x00000000c5574c80,0x00000000cad80000)
 Metaspace       used 6190K, capacity 7216K, committed 7296K, reserved 1056768K
  class space    used 587K, capacity 616K, committed 640K, reserved 1048576K
Event: 15.477 GC heap after
Heap after GC invocations=9 (full 1):
 PSYoungGen      total 270336K, used 52220K [0x00000000eab00000, 0x0000000100000000, 0x0000000100000000)
  eden space 218112K, 0% used [0x00000000eab00000,0x00000000eab00000,0x00000000f8000000)
  from space 52224K, 99% used [0x00000000fcd00000,0x00000000fffff160,0x0000000100000000)
  to   space 65536K, 0% used [0x00000000f8000000,0x00000000f8000000,0x00000000fc000000)
 ParOldGen       total 177664K, used 97110K [0x00000000c0000000, 0x00000000cad80000, 0x00000000eab00000)
  object space 177664K, 54% used [0x00000000c0000000,0x00000000c5ed5a70,0x00000000cad80000)
 Metaspace       used 6190K, capacity 7216K, committed 7296K, reserved 1056768K
  class space    used 587K, capacity 616K, committed 640K, reserved 1048576K
}
Event: 17.053 GC heap before
{Heap before GC invocations=10 (full 1):
 PSYoungGen      total 270336K, used 270332K [0x00000000eab00000, 0x0000000100000000, 0x0000000100000000)
  eden space 218112K, 100% used [0x00000000eab00000,0x00000000f8000000,0x00000000f8000000)
  from space 52224K, 99% used [0x00000000fcd00000,0x00000000fffff160,0x0000000100000000)
  to   space 65536K, 0% used [0x00000000f8000000,0x00000000f8000000,0x00000000fc000000)
 ParOldGen       total 177664K, used 97110K [0x00000000c0000000, 0x00000000cad80000, 0x00000000eab00000)
  object space 177664K, 54% used [0x00000000c0000000,0x00000000c5ed5a70,0x00000000cad80000)
 Metaspace       used 6191K, capacity 7216K, committed 7296K, reserved 1056768K
  class space    used 587K, capacity 616K, committed 640K, reserved 1048576K
Event: 17.214 GC heap after
Heap after GC invocations=10 (full 1):
 PSYoungGen      total 283648K, used 65524K [0x00000000eab00000, 0x0000000100000000, 0x0000000100000000)
  eden space 218112K, 0% used [0x00000000eab00000,0x00000000eab00000,0x00000000f8000000)
  from space 65536K, 99% used [0x00000000f8000000,0x00000000fbffd2e8,0x00000000fc000000)
  to   space 65536K, 0% used [0x00000000fc000000,0x00000000fc000000,0x0000000100000000)
 ParOldGen       total 177664K, used 118548K [0x00000000c0000000, 0x00000000cad80000, 0x00000000eab00000)
  object space 177664K, 66% used [0x00000000c0000000,0x00000000c73c5370,0x00000000cad80000)
 Metaspace       used 6191K, capacity 7216K, committed 7296K, reserved 1056768K
  class space    used 587K, capacity 616K, committed 640K, reserved 1048576K
}
Event: 18.973 GC heap before
{Heap before GC invocations=11 (full 1):
 PSYoungGen      total 283648K, used 283636K [0x00000000eab00000, 0x0000000100000000, 0x0000000100000000)
  eden space 218112K, 100% used [0x00000000eab00000,0x00000000f8000000,0x00000000f8000000)
  from space 65536K, 99% used [0x00000000f8000000,0x00000000fbffd2e8,0x00000000fc000000)
  to   space 65536K, 0% used [0x00000000fc000000,0x00000000fc000000,0x0000000100000000)
 ParOldGen       total 177664K, used 118548K [0x00000000c0000000, 0x00000000cad80000, 0x00000000eab00000)
  object space 177664K, 66% used [0x00000000c0000000,0x00000000c73c5370,0x00000000cad80000)
 Metaspace       used 6194K, capacity 7216K, committed 7296K, reserved 1056768K
  class space    used 587K, capacity 616K, committed 640K, reserved 1048576K
Event: 19.114 GC heap after
Heap after GC invocations=11 (full 1):
 PSYoungGen      total 233472K, used 61242K [0x00000000eab00000, 0x0000000100000000, 0x0000000100000000)
  eden space 167936K, 0% used [0x00000000eab00000,0x00000000eab00000,0x00000000f4f00000)
  from space 65536K, 93% used [0x00000000fc000000,0x00000000ffbce9c8,0x0000000100000000)
  to   space 90624K, 0% used [0x00000000f4f00000,0x00000000f4f00000,0x00000000fa780000)
 ParOldGen       total 177664K, used 156570K [0x00000000c0000000, 0x00000000cad80000, 0x00000000eab00000)
  object space 177664K, 88% used [0x00000000c0000000,0x00000000c98e6960,0x00000000cad80000)
 Metaspace       used 6194K, capacity 7216K, committed 7296K, reserved 1056768K
  class space    used 587K, capacity 616K, committed 640K, reserved 1048576K
}
Event: 19.114 GC heap before
{Heap before GC invocations=12 (full 2):
 PSYoungGen      total 233472K, used 61242K [0x00000000eab00000, 0x0000000100000000, 0x0000000100000000)
  eden space 167936K, 0% used [0x00000000eab00000,0x00000000eab00000,0x00000000f4f00000)
  from space 65536K, 93% used [0x00000000fc000000,0x00000000ffbce9c8,0x0000000100000000)
  to   space 90624K, 0% used [0x00000000f4f00000,0x00000000f4f00000,0x00000000fa780000)
 ParOldGen       total 177664K, used 156570K [0x00000000c0000000, 0x00000000cad80000, 0x00000000eab00000)
  object space 177664K, 88% used [0x00000000c0000000,0x00000000c98e6960,0x00000000cad80000)
 Metaspace       used 6194K, capacity 7216K, committed 7296K, reserved 1056768K
  class space    used 587K, capacity 616K, committed 640K, reserved 1048576K

