# JRE version: Java(TM) SE Runtime Environment (8.0_60-b27) (build 1.8.0_60-b27)
# Java VM: Java HotSpot(TM) 64-Bit Server VM (25.60-b23 mixed mode windows-amd64 compressed oops)
Heap:
 PSYoungGen      total 231424K, used 204435K [0x00000000eab00000, 0x0000000100000000, 0x0000000100000000)
  eden space 115200K, 100% used [0x00000000eab00000,0x00000000f1b80000,0x00000000f1b80000)
  from space 116224K, 76% used [0x00000000f1b80000,0x00000000f72a4fd0,0x00000000f8d00000)
  to   space 116224K, 21% used [0x00000000f8e80000,0x00000000fa6c5c08,0x0000000100000000)
 ParOldGen       total 516608K, used 344774K [0x00000000c0000000, 0x00000000df880000, 0x00000000eab00000)
  object space 516608K, 66% used [0x00000000c0000000,0x00000000d50b3a08,0x00000000df880000)
 Metaspace       used 6230K, capacity 7216K, committed 7296K, reserved 1056768K
  class space    used 589K, capacity 616K, committed 640K, reserved 1048576K
GC Heap History (10 events):
Event: 33.103 GC heap after
Heap after GC invocations=24 (full 3):
 PSYoungGen      total 204800K, used 82751K [0x00000000eab00000, 0x0000000100000000, 0x0000000100000000)
  eden space 121856K, 0% used [0x00000000eab00000,0x00000000eab00000,0x00000000f2200000)
  from space 82944K, 99% used [0x00000000f2200000,0x00000000f72cff70,0x00000000f7300000)
  to   space 116224K, 0% used [0x00000000f8e80000,0x00000000f8e80000,0x0000000100000000)
 ParOldGen       total 516608K, used 305264K [0x00000000c0000000, 0x00000000df880000, 0x00000000eab00000)
  object space 516608K, 59% used [0x00000000c0000000,0x00000000d2a1c148,0x00000000df880000)
 Metaspace       used 6223K, capacity 7216K, committed 7296K, reserved 1056768K
  class space    used 589K, capacity 616K, committed 640K, reserved 1048576K
}
Event: 33.718 GC heap before
{Heap before GC invocations=25 (full 3):
 PSYoungGen      total 204800K, used 204607K [0x00000000eab00000, 0x0000000100000000, 0x0000000100000000)
  eden space 121856K, 100% used [0x00000000eab00000,0x00000000f2200000,0x00000000f2200000)
  from space 82944K, 99% used [0x00000000f2200000,0x00000000f72cff70,0x00000000f7300000)
  to   space 116224K, 0% used [0x00000000f8e80000,0x00000000f8e80000,0x0000000100000000)
 ParOldGen       total 516608K, used 305264K [0x00000000c0000000, 0x00000000df880000, 0x00000000eab00000)
  object space 516608K, 59% used [0x00000000c0000000,0x00000000d2a1c148,0x00000000df880000)
 Metaspace       used 6223K, capacity 7216K, committed 7296K, reserved 1056768K
  class space    used 589K, capacity 616K, committed 640K, reserved 1048576K
Event: 33.788 GC heap after
Heap after GC invocations=25 (full 3):
 PSYoungGen      total 235520K, used 47983K [0x00000000eab00000, 0x0000000100000000, 0x0000000100000000)
  eden space 119296K, 0% used [0x00000000eab00000,0x00000000eab00000,0x00000000f1f80000)
  from space 116224K, 41% used [0x00000000f8e80000,0x00000000fbd5bcd8,0x0000000100000000)
  to   space 113664K, 0% used [0x00000000f1f80000,0x00000000f1f80000,0x00000000f8e80000)
 ParOldGen       total 516608K, used 321786K [0x00000000c0000000, 0x00000000df880000, 0x00000000eab00000)
  object space 516608K, 62% used [0x00000000c0000000,0x00000000d3a3e9d0,0x00000000df880000)
 Metaspace       used 6223K, capacity 7216K, committed 7296K, reserved 1056768K
  class space    used 589K, capacity 616K, committed 640K, reserved 1048576K
}
Event: 34.353 GC heap before
{Heap before GC invocations=26 (full 3):
 PSYoungGen      total 235520K, used 167279K [0x00000000eab00000, 0x0000000100000000, 0x0000000100000000)
  eden space 119296K, 100% used [0x00000000eab00000,0x00000000f1f80000,0x00000000f1f80000)
  from space 116224K, 41% used [0x00000000f8e80000,0x00000000fbd5bcd8,0x0000000100000000)
  to   space 113664K, 0% used [0x00000000f1f80000,0x00000000f1f80000,0x00000000f8e80000)
 ParOldGen       total 516608K, used 321786K [0x00000000c0000000, 0x00000000df880000, 0x00000000eab00000)
  object space 516608K, 62% used [0x00000000c0000000,0x00000000d3a3e9d0,0x00000000df880000)
 Metaspace       used 6224K, capacity 7216K, committed 7296K, reserved 1056768K
  class space    used 589K, capacity 616K, committed 640K, reserved 1048576K
Event: 34.424 GC heap after
Heap after GC invocations=26 (full 3):
 PSYoungGen      total 187392K, used 67797K [0x00000000eab00000, 0x00000000ffa80000, 0x0000000100000000)
  eden space 119296K, 0% used [0x00000000eab00000,0x00000000eab00000,0x00000000f1f80000)
  from space 68096K, 99% used [0x00000000f1f80000,0x00000000f61b5698,0x00000000f6200000)
  to   space 112128K, 0% used [0x00000000f8d00000,0x00000000f8d00000,0x00000000ffa80000)
 ParOldGen       total 516608K, used 321786K [0x00000000c0000000, 0x00000000df880000, 0x00000000eab00000)
  object space 516608K, 62% used [0x00000000c0000000,0x00000000d3a3e9d0,0x00000000df880000)
 Metaspace       used 6224K, capacity 7216K, committed 7296K, reserved 1056768K
  class space    used 589K, capacity 616K, committed 640K, reserved 1048576K
}
Event: 35.012 GC heap before
{Heap before GC invocations=27 (full 3):
 PSYoungGen      total 187392K, used 187093K [0x00000000eab00000, 0x00000000ffa80000, 0x0000000100000000)
  eden space 119296K, 100% used [0x00000000eab00000,0x00000000f1f80000,0x00000000f1f80000)
  from space 68096K, 99% used [0x00000000f1f80000,0x00000000f61b5698,0x00000000f6200000)
  to   space 112128K, 0% used [0x00000000f8d00000,0x00000000f8d00000,0x00000000ffa80000)
 ParOldGen       total 516608K, used 321786K [0x00000000c0000000, 0x00000000df880000, 0x00000000eab00000)
  object space 516608K, 62% used [0x00000000c0000000,0x00000000d3a3e9d0,0x00000000df880000)
 Metaspace       used 6226K, capacity 7216K, committed 7296K, reserved 1056768K
  class space    used 589K, capacity 616K, committed 640K, reserved 1048576K
Event: 35.105 GC heap after
Heap after GC invocations=27 (full 3):
 PSYoungGen      total 227328K, used 89372K [0x00000000eab00000, 0x0000000100000000, 0x0000000100000000)
  eden space 115200K, 0% used [0x00000000eab00000,0x00000000eab00000,0x00000000f1b80000)
  from space 112128K, 79% used [0x00000000f8d00000,0x00000000fe4470e8,0x00000000ffa80000)
  to   space 116224K, 0% used [0x00000000f1b80000,0x00000000f1b80000,0x00000000f8d00000)
 ParOldGen       total 516608K, used 321786K [0x00000000c0000000, 0x00000000df880000, 0x00000000eab00000)
  object space 516608K, 62% used [0x00000000c0000000,0x00000000d3a3e9d0,0x00000000df880000)
 Metaspace       used 6226K, capacity 7216K, committed 7296K, reserved 1056768K
  class space    used 589K, capacity 616K, committed 640K, reserved 1048576K
}
Event: 35.633 GC heap before
{Heap before GC invocations=28 (full 3):
 PSYoungGen      total 227328K, used 204572K [0x00000000eab00000, 0x0000000100000000, 0x0000000100000000)
  eden space 115200K, 100% used [0x00000000eab00000,0x00000000f1b80000,0x00000000f1b80000)
  from space 112128K, 79% used [0x00000000f8d00000,0x00000000fe4470e8,0x00000000ffa80000)
  to   space 116224K, 0% used [0x00000000f1b80000,0x00000000f1b80000,0x00000000f8d00000)
 ParOldGen       total 516608K, used 321786K [0x00000000c0000000, 0x00000000df880000, 0x00000000eab00000)
  object space 516608K, 62% used [0x00000000c0000000,0x00000000d3a3e9d0,0x00000000df880000)
 Metaspace       used 6228K, capacity 7216K, committed 7296K, reserved 1056768K
  class space    used 589K, capacity 616K, committed 640K, reserved 1048576K
Event: 35.758 GC heap after
Heap after GC invocations=28 (full 3):
 PSYoungGen      total 231424K, used 89235K [0x00000000eab00000, 0x0000000100000000, 0x0000000100000000)
  eden space 115200K, 0% used [0x00000000eab00000,0x00000000eab00000,0x00000000f1b80000)
  from space 116224K, 76% used [0x00000000f1b80000,0x00000000f72a4fd0,0x00000000f8d00000)
  to   space 116224K, 0% used [0x00000000f8e80000,0x00000000f8e80000,0x0000000100000000)
 ParOldGen       total 516608K, used 339480K [0x00000000c0000000, 0x00000000df880000, 0x00000000eab00000)
  object space 516608K, 65% used [0x00000000c0000000,0x00000000d4b86168,0x00000000df880000)
 Metaspace       used 6228K, capacity 7216K, committed 7296K, reserved 1056768K
  class space    used 589K, capacity 616K, committed 640K, reserved 1048576K
}
Event: 36.359 GC heap before
{Heap before GC invocations=29 (full 3):
 PSYoungGen      total 231424K, used 204435K [0x00000000eab00000, 0x0000000100000000, 0x0000000100000000)
  eden space 115200K, 100% used [0x00000000eab00000,0x00000000f1b80000,0x00000000f1b80000)
  from space 116224K, 76% used [0x00000000f1b80000,0x00000000f72a4fd0,0x00000000f8d00000)
  to   space 116224K, 0% used [0x00000000f8e80000,0x00000000f8e80000,0x0000000100000000)
 ParOldGen       total 516608K, used 339480K [0x00000000c0000000, 0x00000000df880000, 0x00000000eab00000)
  object space 516608K, 65% used [0x00000000c0000000,0x00000000d4b86168,0x00000000df880000)
 Metaspace       used 6230K, capacity 7216K, committed 7296K, reserved 1056768K
  class space    used 589K, capacity 616K, committed 640K, reserved 1048576K

